#
# There is insufficient memory for the Java Runtime Environment to continue.
# Native memory allocation (malloc) failed to allocate 337616 bytes for Chunk::new
# Possible reasons:
#   The system is out of physical RAM or swap space
#   In 32 bit mode, the process size limit was hit
# Possible solutions:
#   Reduce memory load on the system
#   Increase physical memory or swap space
#   Check if swap backing store is full
#   Use 64 bit Java on a 64 bit OS
#   Decrease Java heap size (-Xmx/-Xms)
#   Decrease number of Java threads
#   Decrease Java thread stack sizes (-Xss)
#   Set larger code cache with -XX:ReservedCodeCacheSize=
# This output file may be truncated or incomplete.
#
#  Out of Memory Error (allocation.cpp:390), pid=8900, tid=0x0000000000004068
#
# JRE version: Java(TM) SE Runtime Environment (8.0_161-b12) (build 1.8.0_161-b12)
# Java VM: Java HotSpot(TM) 64-Bit Server VM (25.161-b12 mixed mode windows-amd64 compressed oops)
# Failed to write core dump. Minidumps are not enabled by default on client versions of Windows
#

---------------  T H R E A D  ---------------

Current thread (0x00000000186fb000):  JavaThread "C2 CompilerThread1" daemon [_thread_in_native, id=16488, stack(0x0000000018df0000,0x0000000018ef0000)]

Stack: [0x0000000018df0000,0x0000000018ef0000]
[error occurred during error reporting (printing stack bounds), id 0xc0000005]

Native frames: (J=compiled Java code, j=interpreted, Vv=VM code, C=native code)


Current CompileTask:
C2:   8171 3058 %     4       org.codehaus.plexus.util.xml.Xpp3DomBuilder::build @ 27 (391 bytes)


---------------  P R O C E S S  ---------------

Java Threads: ( => current thread )
  0x0000000018787000 JavaThread "Service Thread" daemon [_thread_blocked, id=22064, stack(0x0000000018ff0000,0x00000000190f0000)]
  0x0000000018706800 JavaThread "C1 CompilerThread2" daemon [_thread_blocked, id=18728, stack(0x0000000018ef0000,0x0000000018ff0000)]
=>0x00000000186fb000 JavaThread "C2 CompilerThread1" daemon [_thread_in_native, id=16488, stack(0x0000000018df0000,0x0000000018ef0000)]
  0x000000001735a000 JavaThread "C2 CompilerThread0" daemon [_thread_in_native, id=20876, stack(0x0000000018cf0000,0x0000000018df0000)]
  0x000000001730f000 JavaThread "Attach Listener" daemon [_thread_blocked, id=23940, stack(0x0000000018bf0000,0x0000000018cf0000)]
  0x00000000186f8800 JavaThread "Signal Dispatcher" daemon [_thread_blocked, id=15380, stack(0x0000000018af0000,0x0000000018bf0000)]
  0x00000000172ea000 JavaThread "Finalizer" daemon [_thread_blocked, id=17860, stack(0x0000000018560000,0x0000000018660000)]
  0x00000000172c8800 JavaThread "Reference Handler" daemon [_thread_blocked, id=16720, stack(0x0000000018460000,0x0000000018560000)]
  0x00000000022ae000 JavaThread "main" [_thread_in_native, id=12164, stack(0x0000000002630000,0x0000000002730000)]

Other Threads:
  0x00000000172c7000 VMThread [stack: 0x0000000018360000,0x0000000018460000] [id=19308]
  0x00000000187a2000 WatcherThread [stack: 0x00000000190f0000,0x00000000191f0000] [id=19508]

VM state:not at safepoint (normal execution)

VM Mutex/Monitor currently owned by a thread: None

Heap:
 PSYoungGen      total 70656K, used 36241K [0x00000000d6100000, 0x00000000dfc00000, 0x0000000100000000)
  eden space 65536K, 47% used [0x00000000d6100000,0x00000000d7f65e48,0x00000000da100000)
  from space 5120K, 99% used [0x00000000da100000,0x00000000da5fe640,0x00000000da600000)
  to   space 13824K, 0% used [0x00000000dee80000,0x00000000dee80000,0x00000000dfc00000)
 ParOldGen       total 86016K, used 17959K [0x0000000082200000, 0x0000000087600000, 0x00000000d6100000)
  object space 86016K, 20% used [0x0000000082200000,0x0000000083389dd0,0x0000000087600000)
 Metaspace       used 15599K, capacity 15904K, committed 16128K, reserved 1062912K
  class space    used 1836K, capacity 1952K, committed 2048K, reserved 1048576K

Card table byte_map: [0x0000000011bf0000,0x0000000011fe0000] byte_map_base: 0x00000000117df000

Marking Bits: (ParMarkBitMap*) 0x0000000062bef860
 Begin Bits: [0x0000000012680000, 0x00000000145f8000)
 End Bits:   [0x00000000145f8000, 0x0000000016570000)

Polling page: 0x00000000004e0000

CodeCache: size=245760Kb used=11239Kb max_used=11252Kb free=234520Kb
 bounds [0x0000000002830000, 0x0000000003340000, 0x0000000011830000]
 total_blobs=3401 nmethods=3057 adapters=256
 compilation: enabled

Compilation events (10 events):
Event: 8.111 Thread 0x0000000018706800 nmethod 3060 0x00000000033336d0 code [0x0000000003333820, 0x0000000003333990]
Event: 8.111 Thread 0x0000000018706800 3062       3       java.util.ArrayList$SubList$1::hasNext (20 bytes)
Event: 8.111 Thread 0x0000000018706800 nmethod 3062 0x0000000003333310 code [0x0000000003333460, 0x0000000003333610]
Event: 8.112 Thread 0x000000001735a000 nmethod 3061 0x0000000003331ad0 code [0x0000000003331c20, 0x0000000003331d58]
Event: 8.148 Thread 0x000000001735a000 3063       4       java.util.ArrayList::<init> (67 bytes)
Event: 8.148 Thread 0x0000000018706800 3064       3       org.apache.maven.model.merge.ModelMerger::mergeDependency_SystemPath (43 bytes)
Event: 8.149 Thread 0x0000000018706800 nmethod 3064 0x0000000003330b10 code [0x0000000003330d00, 0x0000000003331638]
Event: 8.150 Thread 0x0000000018706800 3065       1       org.eclipse.aether.resolution.ArtifactDescriptorRequest::getTrace (5 bytes)
Event: 8.150 Thread 0x0000000018706800 nmethod 3065 0x000000000332c710 code [0x000000000332c860, 0x000000000332c970]
Event: 8.150 Thread 0x000000001735a000 nmethod 3063 0x0000000003334e10 code [0x0000000003334f60, 0x0000000003335118]

GC Heap History (10 events):
Event: 1.078 GC heap before
{Heap before GC invocations=1 (full 0):
 PSYoungGen      total 37888K, used 32768K [0x00000000d6100000, 0x00000000d8b00000, 0x0000000100000000)
  eden space 32768K, 100% used [0x00000000d6100000,0x00000000d8100000,0x00000000d8100000)
  from space 5120K, 0% used [0x00000000d8600000,0x00000000d8600000,0x00000000d8b00000)
  to   space 5120K, 0% used [0x00000000d8100000,0x00000000d8100000,0x00000000d8600000)
 ParOldGen       total 86016K, used 0K [0x0000000082200000, 0x0000000087600000, 0x00000000d6100000)
  object space 86016K, 0% used [0x0000000082200000,0x0000000082200000,0x0000000087600000)
 Metaspace       used 7897K, capacity 8068K, committed 8320K, reserved 1056768K
  class space    used 985K, capacity 1052K, committed 1152K, reserved 1048576K
Event: 1.085 GC heap after
Heap after GC invocations=1 (full 0):
 PSYoungGen      total 37888K, used 4862K [0x00000000d6100000, 0x00000000d8b00000, 0x0000000100000000)
  eden space 32768K, 0% used [0x00000000d6100000,0x00000000d6100000,0x00000000d8100000)
  from space 5120K, 94% used [0x00000000d8100000,0x00000000d85bfa58,0x00000000d8600000)
  to   space 5120K, 0% used [0x00000000d8600000,0x00000000d8600000,0x00000000d8b00000)
 ParOldGen       total 86016K, used 8K [0x0000000082200000, 0x0000000087600000, 0x00000000d6100000)
  object space 86016K, 0% used [0x0000000082200000,0x0000000082202000,0x0000000087600000)
 Metaspace       used 7897K, capacity 8068K, committed 8320K, reserved 1056768K
  class space    used 985K, capacity 1052K, committed 1152K, reserved 1048576K
}
Event: 1.643 GC heap before
{Heap before GC invocations=2 (full 0):
 PSYoungGen      total 37888K, used 37630K [0x00000000d6100000, 0x00000000d8b00000, 0x0000000100000000)
  eden space 32768K, 100% used [0x00000000d6100000,0x00000000d8100000,0x00000000d8100000)
  from space 5120K, 94% used [0x00000000d8100000,0x00000000d85bfa58,0x00000000d8600000)
  to   space 5120K, 0% used [0x00000000d8600000,0x00000000d8600000,0x00000000d8b00000)
 ParOldGen       total 86016K, used 8K [0x0000000082200000, 0x0000000087600000, 0x00000000d6100000)
  object space 86016K, 0% used [0x0000000082200000,0x0000000082202000,0x0000000087600000)
 Metaspace       used 11825K, capacity 12086K, committed 12416K, reserved 1060864K
  class space    used 1487K, capacity 1577K, committed 1664K, reserved 1048576K
Event: 1.652 GC heap after
Heap after GC invocations=2 (full 0):
 PSYoungGen      total 37888K, used 5112K [0x00000000d6100000, 0x00000000dab00000, 0x0000000100000000)
  eden space 32768K, 0% used [0x00000000d6100000,0x00000000d6100000,0x00000000d8100000)
  from space 5120K, 99% used [0x00000000d8600000,0x00000000d8afe198,0x00000000d8b00000)
  to   space 5120K, 0% used [0x00000000d8100000,0x00000000d8100000,0x00000000d8600000)
 ParOldGen       total 86016K, used 2331K [0x0000000082200000, 0x0000000087600000, 0x00000000d6100000)
  object space 86016K, 2% used [0x0000000082200000,0x0000000082446d08,0x0000000087600000)
 Metaspace       used 11825K, capacity 12086K, committed 12416K, reserved 1060864K
  class space    used 1487K, capacity 1577K, committed 1664K, reserved 1048576K
}
Event: 2.307 GC heap before
{Heap before GC invocations=3 (full 0):
 PSYoungGen      total 37888K, used 37880K [0x00000000d6100000, 0x00000000dab00000, 0x0000000100000000)
  eden space 32768K, 100% used [0x00000000d6100000,0x00000000d8100000,0x00000000d8100000)
  from space 5120K, 99% used [0x00000000d8600000,0x00000000d8afe198,0x00000000d8b00000)
  to   space 5120K, 0% used [0x00000000d8100000,0x00000000d8100000,0x00000000d8600000)
 ParOldGen       total 86016K, used 2331K [0x0000000082200000, 0x0000000087600000, 0x00000000d6100000)
  object space 86016K, 2% used [0x0000000082200000,0x0000000082446d08,0x0000000087600000)
 Metaspace       used 14580K, capacity 14896K, committed 15232K, reserved 1062912K
  class space    used 1792K, capacity 1880K, committed 1920K, reserved 1048576K
Event: 2.320 GC heap after
Heap after GC invocations=3 (full 0):
 PSYoungGen      total 37888K, used 5113K [0x00000000d6100000, 0x00000000dab00000, 0x0000000100000000)
  eden space 32768K, 0% used [0x00000000d6100000,0x00000000d6100000,0x00000000d8100000)
  from space 5120K, 99% used [0x00000000d8100000,0x00000000d85fe660,0x00000000d8600000)
  to   space 5120K, 0% used [0x00000000da600000,0x00000000da600000,0x00000000dab00000)
 ParOldGen       total 86016K, used 6763K [0x0000000082200000, 0x0000000087600000, 0x00000000d6100000)
  object space 86016K, 7% used [0x0000000082200000,0x000000008289ae58,0x0000000087600000)
 Metaspace       used 14580K, capacity 14896K, committed 15232K, reserved 1062912K
  class space    used 1792K, capacity 1880K, committed 1920K, reserved 1048576K
}
Event: 3.246 GC heap before
{Heap before GC invocations=4 (full 0):
 PSYoungGen      total 37888K, used 37881K [0x00000000d6100000, 0x00000000dab00000, 0x0000000100000000)
  eden space 32768K, 100% used [0x00000000d6100000,0x00000000d8100000,0x00000000d8100000)
  from space 5120K, 99% used [0x00000000d8100000,0x00000000d85fe660,0x00000000d8600000)
  to   space 5120K, 0% used [0x00000000da600000,0x00000000da600000,0x00000000dab00000)
 ParOldGen       total 86016K, used 6763K [0x0000000082200000, 0x0000000087600000, 0x00000000d6100000)
  object space 86016K, 7% used [0x0000000082200000,0x000000008289ae58,0x0000000087600000)
 Metaspace       used 15065K, capacity 15286K, committed 15488K, reserved 1062912K
  class space    used 1815K, capacity 1881K, committed 1920K, reserved 1048576K
Event: 3.290 GC heap after
Heap after GC invocations=4 (full 0):
 PSYoungGen      total 70656K, used 5113K [0x00000000d6100000, 0x00000000dab00000, 0x0000000100000000)
  eden space 65536K, 0% used [0x00000000d6100000,0x00000000d6100000,0x00000000da100000)
  from space 5120K, 99% used [0x00000000da600000,0x00000000daafe640,0x00000000dab00000)
  to   space 5120K, 0% used [0x00000000da100000,0x00000000da100000,0x00000000da600000)
 ParOldGen       total 86016K, used 11147K [0x0000000082200000, 0x0000000087600000, 0x00000000d6100000)
  object space 86016K, 12% used [0x0000000082200000,0x0000000082ce2de8,0x0000000087600000)
 Metaspace       used 15065K, capacity 15286K, committed 15488K, reserved 1062912K
  class space    used 1815K, capacity 1881K, committed 1920K, reserved 1048576K
}
Event: 6.043 GC heap before
{Heap before GC invocations=5 (full 0):
 PSYoungGen      total 70656K, used 70649K [0x00000000d6100000, 0x00000000dab00000, 0x0000000100000000)
  eden space 65536K, 100% used [0x00000000d6100000,0x00000000da100000,0x00000000da100000)
  from space 5120K, 99% used [0x00000000da600000,0x00000000daafe640,0x00000000dab00000)
  to   space 5120K, 0% used [0x00000000da100000,0x00000000da100000,0x00000000da600000)
 ParOldGen       total 86016K, used 11147K [0x0000000082200000, 0x0000000087600000, 0x00000000d6100000)
  object space 86016K, 12% used [0x0000000082200000,0x0000000082ce2de8,0x0000000087600000)
 Metaspace       used 15455K, capacity 15764K, committed 16128K, reserved 1062912K
  class space    used 1833K, capacity 1950K, committed 2048K, reserved 1048576K
Event: 6.058 GC heap after
Heap after GC invocations=5 (full 0):
 PSYoungGen      total 70656K, used 5113K [0x00000000d6100000, 0x00000000dfc00000, 0x0000000100000000)
  eden space 65536K, 0% used [0x00000000d6100000,0x00000000d6100000,0x00000000da100000)
  from space 5120K, 99% used [0x00000000da100000,0x00000000da5fe640,0x00000000da600000)
  to   space 13824K, 0% used [0x00000000dee80000,0x00000000dee80000,0x00000000dfc00000)
 ParOldGen       total 86016K, used 17959K [0x0000000082200000, 0x0000000087600000, 0x00000000d6100000)
  object space 86016K, 20% used [0x0000000082200000,0x0000000083389dd0,0x0000000087600000)
 Metaspace       used 15455K, capacity 15764K, committed 16128K, reserved 1062912K
  class space    used 1833K, capacity 1950K, committed 2048K, reserved 1048576K
}

Deoptimization events (10 events):
Event: 5.264 Thread 0x00000000022ae000 Uncommon trap: reason=predicate action=maybe_recompile pc=0x0000000002b1aad0 method=java.nio.charset.CharsetDecoder.decode(Ljava/nio/ByteBuffer;Ljava/nio/CharBuffer;Z)Ljava/nio/charset/CoderResult; @ 54
Event: 5.716 Thread 0x00000000022ae000 Uncommon trap: reason=unstable_if action=reinterpret pc=0x0000000002e671d0 method=java.util.LinkedHashMap.afterNodeInsertion(Z)V @ 18
Event: 6.687 Thread 0x00000000022ae000 Uncommon trap: reason=bimorphic action=maybe_recompile pc=0x0000000002e91d80 method=java.util.concurrent.ConcurrentHashMap.get(Ljava/lang/Object;)Ljava/lang/Object; @ 149
Event: 6.834 Thread 0x00000000022ae000 Uncommon trap: reason=unstable_if action=reinterpret pc=0x000000000314c0e8 method=org.apache.maven.model.validation.DefaultModelValidator.validateEffectiveDependency(Lorg/apache/maven/model/building/ModelProblemCollector;Lorg/apache/maven/model/Dependency
Event: 6.834 Thread 0x00000000022ae000 Uncommon trap: reason=unstable_if action=reinterpret pc=0x0000000003200a5c method=org.apache.maven.repository.internal.ArtifactDescriptorReaderDelegate.convert(Lorg/apache/maven/model/Dependency;Lorg/eclipse/aether/artifact/ArtifactTypeRegistry;)Lorg/ecli
Event: 6.834 Thread 0x00000000022ae000 Uncommon trap: reason=unstable_if action=reinterpret pc=0x0000000003170de0 method=org.eclipse.aether.artifact.DefaultArtifact.merge(Ljava/util/Map;Ljava/util/Map;)Ljava/util/Map; @ 1
Event: 7.702 Thread 0x00000000022ae000 Uncommon trap: reason=speculate_class_check action=maybe_recompile pc=0x000000000323e35c method=java.nio.charset.CharsetDecoder.decode(Ljava/nio/ByteBuffer;Ljava/nio/CharBuffer;Z)Ljava/nio/charset/CoderResult; @ 57
Event: 7.704 Thread 0x00000000022ae000 Uncommon trap: reason=speculate_class_check action=maybe_recompile pc=0x000000000323e35c method=java.nio.charset.CharsetDecoder.decode(Ljava/nio/ByteBuffer;Ljava/nio/CharBuffer;Z)Ljava/nio/charset/CoderResult; @ 57
Event: 7.705 Thread 0x00000000022ae000 Uncommon trap: reason=speculate_class_check action=maybe_recompile pc=0x000000000323e35c method=java.nio.charset.CharsetDecoder.decode(Ljava/nio/ByteBuffer;Ljava/nio/CharBuffer;Z)Ljava/nio/charset/CoderResult; @ 57
Event: 7.707 Thread 0x00000000022ae000 Uncommon trap: reason=speculate_class_check action=maybe_recompile pc=0x000000000323e35c method=java.nio.charset.CharsetDecoder.decode(Ljava/nio/ByteBuffer;Ljava/nio/CharBuffer;Z)Ljava/nio/charset/CoderResult; @ 57

Classes redefined (0 events):
No events

Internal exceptions (10 events):
Event: 1.925 Thread 0x00000000022ae000 Exception <a 'java/lang/NullPointerException'> (0x00000000d6b3f768) thrown at [C:\re\workspace\8-2-build-windows-amd64-cygwin\jdk8u161\10277\hotspot\src\share\vm\interpreter\linkResolver.cpp, line 1185]
Event: 1.925 Thread 0x00000000022ae000 Exception <a 'java/lang/NullPointerException'> (0x00000000d6b3f980) thrown at [C:\re\workspace\8-2-build-windows-amd64-cygwin\jdk8u161\10277\hotspot\src\share\vm\interpreter\linkResolver.cpp, line 1185]
Event: 1.925 Thread 0x00000000022ae000 Exception <a 'java/lang/NullPointerException'> (0x00000000d6b3fb98) thrown at [C:\re\workspace\8-2-build-windows-amd64-cygwin\jdk8u161\10277\hotspot\src\share\vm\interpreter\linkResolver.cpp, line 1185]
Event: 1.927 Thread 0x00000000022ae000 Exception <a 'java/lang/NullPointerException'> (0x00000000d6b57df0) thrown at [C:\re\workspace\8-2-build-windows-amd64-cygwin\jdk8u161\10277\hotspot\src\share\vm\interpreter\linkResolver.cpp, line 1185]
Event: 1.927 Thread 0x00000000022ae000 Exception <a 'java/lang/NullPointerException'> (0x00000000d6b58008) thrown at [C:\re\workspace\8-2-build-windows-amd64-cygwin\jdk8u161\10277\hotspot\src\share\vm\interpreter\linkResolver.cpp, line 1185]
Event: 1.927 Thread 0x00000000022ae000 Exception <a 'java/lang/NullPointerException'> (0x00000000d6b58220) thrown at [C:\re\workspace\8-2-build-windows-amd64-cygwin\jdk8u161\10277\hotspot\src\share\vm\interpreter\linkResolver.cpp, line 1185]
Event: 2.235 Thread 0x00000000022ae000 Implicit null exception at 0x0000000002e8b72e to 0x0000000002e8ca5d
Event: 2.670 Thread 0x00000000022ae000 Implicit null exception at 0x0000000002fe5f37 to 0x0000000002fe6181
Event: 2.703 Thread 0x00000000022ae000 Implicit null exception at 0x0000000002bf8855 to 0x0000000002bf8a51
Event: 4.752 Thread 0x00000000022ae000 Implicit null exception at 0x0000000003136db7 to 0x0000000003138d05

Events (10 events):
Event: 7.703 Thread 0x00000000022ae000 DEOPT UNPACKING pc=0x000000000287583b sp=0x000000000272ca60 mode 2
Event: 7.704 Thread 0x00000000022ae000 Uncommon trap: trap_request=0xffffff76 fr.pc=0x000000000323e35c
Event: 7.704 Thread 0x00000000022ae000 DEOPT PACKING pc=0x000000000323e35c sp=0x000000000272ca70
Event: 7.704 Thread 0x00000000022ae000 DEOPT UNPACKING pc=0x000000000287583b sp=0x000000000272c970 mode 2
Event: 7.705 Thread 0x00000000022ae000 Uncommon trap: trap_request=0xffffff76 fr.pc=0x000000000323e35c
Event: 7.705 Thread 0x00000000022ae000 DEOPT PACKING pc=0x000000000323e35c sp=0x000000000272c7c0
Event: 7.705 Thread 0x00000000022ae000 DEOPT UNPACKING pc=0x000000000287583b sp=0x000000000272c6c0 mode 2
Event: 7.707 Thread 0x00000000022ae000 Uncommon trap: trap_request=0xffffff76 fr.pc=0x000000000323e35c
Event: 7.708 Thread 0x00000000022ae000 DEOPT PACKING pc=0x000000000323e35c sp=0x000000000272c850
Event: 7.708 Thread 0x00000000022ae000 DEOPT UNPACKING pc=0x000000000287583b sp=0x000000000272c750 mode 2


Dynamic libraries:
0x00007ff79a000000 - 0x00007ff79a037000 	C:\Program Files\Java\jdk1.8.0_161\bin\javaw.exe
0x00007ffde8fc0000 - 0x00007ffde91a1000 	C:\WINDOWS\SYSTEM32\ntdll.dll
0x00007ffde6610000 - 0x00007ffde66c2000 	C:\WINDOWS\System32\KERNEL32.DLL
0x00007ffde5390000 - 0x00007ffde5603000 	C:\WINDOWS\System32\KERNELBASE.dll
0x00007ffde66f0000 - 0x00007ffde6791000 	C:\WINDOWS\System32\ADVAPI32.dll
0x00007ffde6ec0000 - 0x00007ffde6f5e000 	C:\WINDOWS\System32\msvcrt.dll
0x00007ffde6fc0000 - 0x00007ffde701b000 	C:\WINDOWS\System32\sechost.dll
0x00007ffde7020000 - 0x00007ffde7144000 	C:\WINDOWS\System32\RPCRT4.dll
0x00007ffde8d90000 - 0x00007ffde8f20000 	C:\WINDOWS\System32\USER32.dll
0x00007ffde6430000 - 0x00007ffde6450000 	C:\WINDOWS\System32\win32u.dll
0x00007ffde6880000 - 0x00007ffde68a8000 	C:\WINDOWS\System32\GDI32.dll
0x00007ffde5660000 - 0x00007ffde57f2000 	C:\WINDOWS\System32\gdi32full.dll
0x00007ffde5960000 - 0x00007ffde59ff000 	C:\WINDOWS\System32\msvcp_win.dll
0x00007ffde5860000 - 0x00007ffde595a000 	C:\WINDOWS\System32\ucrtbase.dll
0x00007ffdcb660000 - 0x00007ffdcb8c9000 	C:\WINDOWS\WinSxS\amd64_microsoft.windows.common-controls_6595b64144ccf1df_6.0.17134.407_none_fb449d63306391e9\COMCTL32.dll
0x00007ffde68b0000 - 0x00007ffde6bd2000 	C:\WINDOWS\System32\combase.dll
0x00007ffde61c0000 - 0x00007ffde623a000 	C:\WINDOWS\System32\bcryptPrimitives.dll
0x00007ffde6540000 - 0x00007ffde656d000 	C:\WINDOWS\System32\IMM32.DLL
0x0000000067f60000 - 0x0000000068032000 	C:\Program Files\Java\jdk1.8.0_161\jre\bin\msvcr100.dll
0x00000000623d0000 - 0x0000000062c6f000 	C:\Program Files\Java\jdk1.8.0_161\jre\bin\server\jvm.dll
0x00007ffde8d80000 - 0x00007ffde8d88000 	C:\WINDOWS\System32\PSAPI.DLL
0x00007ffde2b00000 - 0x00007ffde2b23000 	C:\WINDOWS\SYSTEM32\WINMM.dll
0x00007ffdd4f00000 - 0x00007ffdd4f09000 	C:\WINDOWS\SYSTEM32\WSOCK32.dll
0x00007ffdd51e0000 - 0x00007ffdd51ea000 	C:\WINDOWS\SYSTEM32\VERSION.dll
0x00007ffde8f20000 - 0x00007ffde8f8c000 	C:\WINDOWS\System32\WS2_32.dll
0x00007ffde29e0000 - 0x00007ffde2a0a000 	C:\WINDOWS\SYSTEM32\winmmbase.dll
0x00007ffde5610000 - 0x00007ffde5659000 	C:\WINDOWS\System32\cfgmgr32.dll
0x0000000067460000 - 0x000000006746f000 	C:\Program Files\Java\jdk1.8.0_161\jre\bin\verify.dll
0x0000000067430000 - 0x0000000067459000 	C:\Program Files\Java\jdk1.8.0_161\jre\bin\java.dll
0x0000000067410000 - 0x0000000067426000 	C:\Program Files\Java\jdk1.8.0_161\jre\bin\zip.dll
0x00007ffde7170000 - 0x00007ffde85af000 	C:\WINDOWS\System32\SHELL32.dll
0x00007ffde8c00000 - 0x00007ffde8ca9000 	C:\WINDOWS\System32\shcore.dll
0x00007ffde5ab0000 - 0x00007ffde61bd000 	C:\WINDOWS\System32\windows.storage.dll
0x00007ffde6820000 - 0x00007ffde6871000 	C:\WINDOWS\System32\shlwapi.dll
0x00007ffde52e0000 - 0x00007ffde52f1000 	C:\WINDOWS\System32\kernel.appcore.dll
0x00007ffde5320000 - 0x00007ffde533f000 	C:\WINDOWS\System32\profapi.dll
0x00007ffde5340000 - 0x00007ffde538c000 	C:\WINDOWS\System32\powrprof.dll
0x00007ffde52d0000 - 0x00007ffde52da000 	C:\WINDOWS\System32\FLTLIB.DLL
0x00000000673f0000 - 0x000000006740a000 	C:\Program Files\Java\jdk1.8.0_161\jre\bin\net.dll
0x00007ffde4af0000 - 0x00007ffde4b56000 	C:\WINDOWS\system32\mswsock.dll
0x00000000673d0000 - 0x00000000673e1000 	C:\Program Files\Java\jdk1.8.0_161\jre\bin\nio.dll

VM Arguments:
jvm_args: -Dmaven.home=EMBEDDED -Dclassworlds.conf=C:\eclipse\workspace_gw\.metadata\.plugins\org.eclipse.m2e.launching\launches\m2conf2894507261901108716.tmp -Dmaven.multiModuleProjectDirectory=C:\Users\UMC\git\iot-gw -Dfile.encoding=MS949 
java_command: org.codehaus.plexus.classworlds.launcher.Launcher -B -s C:\eclipse\workspace_gw\apache-maven-3.5.4\conf\settings.xml install
java_class_path (initial): C:\Users\UMC\.p2\pool\plugins\org.eclipse.m2e.maven.runtime_1.8.3.20180227-2135\jars\plexus-classworlds-2.5.2.jar
Launcher Type: SUN_STANDARD

Environment Variables:
JAVA_HOME=C:\Program Files\Java\jdk1.8.0_161
CLASSPATH=C:\Program Files\Java\jdk1.8.0_161lib
PATH=C:/Program Files/Java/jre1.8.0_161/bin/server;C:/Program Files/Java/jre1.8.0_161/bin;C:/Program Files/Java/jre1.8.0_161/lib/amd64;D:\app\UMC\product\11.2.0\dbhome_1\bin;C:\ProgramData\Oracle\Java\javapath;C:\WINDOWS\system32;C:\WINDOWS;C:\WINDOWS\System32\Wbem;C:\WINDOWS\System32\WindowsPowerShell\v1.0\;C:\WINDOWS\System32\OpenSSH\;C:\Program Files\Java\jdk1.8.0_161bin;C:\eclipse\apache-maven-3.5.4\bin;C:\Program Files\nodejs\;C:\Program Files\Git\cmd;C:\Users\UMC\AppData\Local\Microsoft\WindowsApps;C:\Program Files (x86)\IDM Computer Solutions\UltraEdit\;C:\Users\UMC\AppData\Local\atom\bin;C:\Users\UMC\AppData\Roaming\npm;C:\Program Files\Bandizip\;C:\eclipse\eclipse;
USERNAME=UMC
OS=Windows_NT
PROCESSOR_IDENTIFIER=Intel64 Family 6 Model 142 Stepping 9, GenuineIntel



---------------  S Y S T E M  ---------------

OS: Windows 10.0 , 64 bit Build 17134 (10.0.17134.1)

CPU:total 4 (initial active 4) (2 cores per cpu, 2 threads per core) family 6 model 142 stepping 9, cmov, cx8, fxsr, mmx, sse, sse2, sse3, ssse3, sse4.1, sse4.2, popcnt, avx, avx2, aes, clmul, erms, 3dnowpref, lzcnt, ht, tsc, tscinvbit, bmi1, bmi2, adx

Memory: 4k page, physical 8244360k(437860k free), swap 23412860k(4116k free)

vm_info: Java HotSpot(TM) 64-Bit Server VM (25.161-b12) for windows-amd64 JRE (1.8.0_161-b12), built on Dec 19 2017 17:52:25 by "java_re" with MS VC++ 10.0 (VS2010)

time: Fri Nov 30 13:48:27 2018
elapsed time: 8 seconds (0d 0h 0m 8s)

